<?xml version="1.0" encoding="UTF-8"?>
<!-- Generated by org.testng.reporters.JUnitReportReporter -->
<testsuite skipped="0" hostname="Pranab" name="Default2.Prime_Number" tests="1" failures="0" timestamp="19 Mar 2019 16:40:36 GMT" time="0.000" errors="0">
  <testcase name="m1" time="0.000" classname="Default2.Prime_Number"/>
</testsuite> <!-- Default2.Prime_Number -->
