<?xml version="1.0" encoding="UTF-8"?>
<!-- Generated by org.testng.reporters.JUnitReportReporter -->
<testsuite hostname="Pranab" name="com.code.trial.B" tests="1" failures="0" timestamp="2 Apr 2019 22:26:50 GMT" time="0.018" errors="0">
  <testcase name="m1" time="0.018" classname="com.code.trial.B"/>
</testsuite> <!-- com.code.trial.B -->
