<?xml version="1.0" encoding="UTF-8"?>
<!-- Generated by org.testng.reporters.JUnitReportReporter -->
<testsuite hostname="Pranab" name="math.i_Plus_Plus" tests="2" failures="0" timestamp="12 Apr 2019 20:49:26 GMT" time="0.002" errors="0">
  <testcase name="m1" time="0.001" classname="math.i_Plus_Plus"/>
  <testcase name="m2" time="0.001" classname="math.i_Plus_Plus"/>
</testsuite> <!-- math.i_Plus_Plus -->
