<?xml version="1.0" encoding="UTF-8"?>
<!-- Generated by org.testng.reporters.JUnitReportReporter -->
<testsuite hostname="Pranab" name="comparable_Vs_Comparator.Comparator_Test" tests="1" failures="0" timestamp="31 Mar 2019 22:44:23 GMT" time="0.019" errors="0">
  <testcase name="comparator" time="0.019" classname="comparable_Vs_Comparator.Comparator_Test"/>
</testsuite> <!-- comparable_Vs_Comparator.Comparator_Test -->
