<?xml version="1.0" encoding="UTF-8"?>
<!-- Generated by org.testng.reporters.JUnitReportReporter -->
<testsuite hostname="Pranab" name="default3.Comparable_Vs_Comparator" tests="1" failures="0" timestamp="31 Mar 2019 22:11:33 GMT" time="0.016" errors="0">
  <testcase name="comparator" time="0.016" classname="default3.Comparable_Vs_Comparator"/>
</testsuite> <!-- default3.Comparable_Vs_Comparator -->
