<?xml version="1.0" encoding="UTF-8"?>
<!-- Generated by org.testng.reporters.JUnitReportReporter -->
<testsuite hostname="Pranab" name="math.i_Plus_Plus" tests="2" failures="0" timestamp="25 Mar 2019 19:33:55 GMT" time="0.021" errors="0">
  <testcase name="m2" time="0.001" classname="math.i_Plus_Plus"/>
  <testcase name="m1" time="0.020" classname="math.i_Plus_Plus"/>
</testsuite> <!-- math.i_Plus_Plus -->
