<?xml version="1.0" encoding="UTF-8"?>
<!-- Generated by org.testng.reporters.JUnitReportReporter -->
<testsuite hostname="Pranab" name="default3.Map_Java" tests="1" failures="0" timestamp="12 Apr 2019 20:49:26 GMT" time="0.001" errors="0">
  <testcase name="m3" time="0.001" classname="default3.Map_Java"/>
</testsuite> <!-- default3.Map_Java -->
