<?xml version="1.0" encoding="UTF-8"?>
<!-- Generated by org.testng.reporters.JUnitReportReporter -->
<testsuite skipped="0" hostname="Pranab" name="default3.Synchronization" tests="1" failures="0" timestamp="18 Mar 2019 03:55:39 GMT" time="0.020" errors="0">
  <testcase name="m1" time="0.020" classname="default3.Synchronization"/>
</testsuite> <!-- default3.Synchronization -->
