<?xml version="1.0" encoding="UTF-8"?>
<!-- Generated by org.testng.reporters.JUnitReportReporter -->
<testsuite hostname="Pranab" name="super_Method.ClassTest" tests="1" failures="0" timestamp="31 Mar 2019 19:38:19 GMT" time="0.017" errors="0">
  <testcase name="m1" time="0.017" classname="super_Method.ClassTest"/>
</testsuite> <!-- super_Method.ClassTest -->
