<?xml version="1.0" encoding="UTF-8"?>
<!-- Generated by org.testng.reporters.JUnitReportReporter -->
<testsuite hostname="Pranab" name="default3.Array1" tests="1" failures="0" timestamp="12 Apr 2019 02:31:19 GMT" time="0.002" errors="0">
  <testcase name="arraySorting2" time="0.002" classname="default3.Array1"/>
</testsuite> <!-- default3.Array1 -->
