<?xml version="1.0" encoding="UTF-8"?>
<!-- Generated by org.testng.reporters.JUnitReportReporter -->
<testsuite skipped="0" hostname="Pranab" name="default3.Fibonaccci_Number" tests="1" failures="0" timestamp="15 Mar 2019 16:22:25 GMT" time="0.015" errors="0">
  <testcase name="m1" time="0.015" classname="default3.Fibonaccci_Number"/>
</testsuite> <!-- default3.Fibonaccci_Number -->
