<?xml version="1.0" encoding="UTF-8"?>
<!-- Generated by org.testng.reporters.JUnitReportReporter -->
<testsuite skipped="0" hostname="Pranab" name="default3.Map_Java" tests="1" failures="0" timestamp="17 Mar 2019 11:20:25 GMT" time="0.015" errors="0">
  <testcase name="m3" time="0.015" classname="default3.Map_Java"/>
</testsuite> <!-- default3.Map_Java -->
