<?xml version="1.0" encoding="UTF-8"?>
<!-- Generated by org.testng.reporters.JUnitReportReporter -->
<testsuite hostname="Pranab" name="default3.Duplicate_In_String" tests="1" failures="0" timestamp="10 Apr 2019 00:40:11 GMT" time="0.023" errors="0">
  <testcase name="m2" time="0.023" classname="default3.Duplicate_In_String"/>
</testsuite> <!-- default3.Duplicate_In_String -->
