<?xml version="1.0" encoding="UTF-8"?>
<!-- Generated by org.testng.reporters.JUnitReportReporter -->
<testsuite hostname="Pranab" name="default3.Comparable_Vs_Comparator" tests="1" failures="0" timestamp="12 Apr 2019 02:31:19 GMT" time="0.047" errors="0">
  <testcase name="comparator" time="0.047" classname="default3.Comparable_Vs_Comparator"/>
</testsuite> <!-- default3.Comparable_Vs_Comparator -->
