<?xml version="1.0" encoding="UTF-8"?>
<!-- Generated by org.testng.reporters.JUnitReportReporter -->
<testsuite skipped="0" hostname="Pranab" name="default3.Singleton_ABC" tests="1" failures="0" timestamp="17 Mar 2019 14:03:25 GMT" time="0.019" errors="0">
  <testcase name="m1" time="0.019" classname="default3.Singleton_ABC"/>
</testsuite> <!-- default3.Singleton_ABC -->
