<?xml version="1.0" encoding="UTF-8"?>
<!-- Generated by org.testng.reporters.JUnitReportReporter -->
<testsuite hostname="Pranab" name="math.FooBoo" tests="1" failures="0" timestamp="12 Apr 2019 02:31:19 GMT" time="0.003" errors="0">
  <testcase name="remainder" time="0.003" classname="math.FooBoo"/>
</testsuite> <!-- math.FooBoo -->
