<?xml version="1.0" encoding="UTF-8"?>
<!-- Generated by org.testng.reporters.JUnitReportReporter -->
<testsuite skipped="0" hostname="Pranab" name="Default2.Sort_Array" tests="1" failures="0" timestamp="19 Mar 2019 14:52:51 GMT" time="0.016" errors="0">
  <testcase name="m2" time="0.016" classname="Default2.Sort_Array"/>
</testsuite> <!-- Default2.Sort_Array -->
