<?xml version="1.0" encoding="UTF-8"?>
<!-- Generated by org.testng.reporters.JUnitReportReporter -->
<testsuite hostname="Pranab" name="default3.Duplicate_In_String" tests="1" failures="0" timestamp="23 Mar 2019 01:10:38 GMT" time="0.017" errors="0">
  <testcase name="m1" time="0.017" classname="default3.Duplicate_In_String"/>
</testsuite> <!-- default3.Duplicate_In_String -->
