<?xml version="1.0" encoding="UTF-8"?>
<!-- Generated by org.testng.reporters.JUnitReportReporter -->
<testsuite hostname="Pranab" name="Default2.Count_Duplicate" tests="1" failures="0" timestamp="5 Apr 2019 06:55:44 GMT" time="0.018" errors="0">
  <testcase name="m2" time="0.018" classname="Default2.Count_Duplicate"/>
</testsuite> <!-- Default2.Count_Duplicate -->
