<?xml version="1.0" encoding="UTF-8"?>
<!-- Generated by org.testng.reporters.JUnitReportReporter -->
<testsuite hostname="Pranab" name="math.PrimeNumber" tests="1" failures="0" timestamp="24 Mar 2019 16:05:15 GMT" time="0.015" errors="0">
  <testcase name="Prime_Number" time="0.015" classname="math.PrimeNumber"/>
</testsuite> <!-- math.PrimeNumber -->
