<?xml version="1.0" encoding="UTF-8"?>
<!-- Generated by org.testng.reporters.JUnitReportReporter -->
<testsuite skipped="0" hostname="Pranab" name="com.code.trial.A" tests="4" failures="0" timestamp="14 Mar 2019 23:59:19 GMT" time="0.029" errors="0">
  <testcase name="m4" time="0.002" classname="com.code.trial.A"/>
  <testcase name="m7" time="0.002" classname="com.code.trial.A"/>
  <testcase name="m2" time="0.023" classname="com.code.trial.A"/>
  <testcase name="m3" time="0.002" classname="com.code.trial.A"/>
</testsuite> <!-- com.code.trial.A -->
