<?xml version="1.0" encoding="UTF-8"?>
<!-- Generated by org.testng.reporters.JUnitReportReporter -->
<testsuite hostname="Pranab" name="math.Fabonachi_Number" tests="1" failures="0" timestamp="24 Mar 2019 15:17:59 GMT" time="0.014" errors="0">
  <testcase name="fibonacci" time="0.014" classname="math.Fabonachi_Number"/>
</testsuite> <!-- math.Fabonachi_Number -->
