<?xml version="1.0" encoding="UTF-8"?>
<!-- Generated by org.testng.reporters.JUnitReportReporter -->
<testsuite hostname="Pranab" name="com.code.trial.A" tests="4" failures="0" timestamp="12 Apr 2019 20:49:26 GMT" time="0.005" errors="0">
  <testcase name="m7" time="0.001" classname="com.code.trial.A"/>
  <testcase name="m2" time="0.001" classname="com.code.trial.A"/>
  <testcase name="m4" time="0.002" classname="com.code.trial.A"/>
  <testcase name="m3" time="0.001" classname="com.code.trial.A"/>
</testsuite> <!-- com.code.trial.A -->
