<?xml version="1.0" encoding="UTF-8"?>
<!-- Generated by org.testng.reporters.JUnitReportReporter -->
<testsuite hostname="Pranab" name="comparable_Vs_Comparator.Comparable_Test" tests="1" failures="0" timestamp="31 Mar 2019 21:18:33 GMT" time="0.017" errors="0">
  <testcase name="m1" time="0.017" classname="comparable_Vs_Comparator.Comparable_Test"/>
</testsuite> <!-- comparable_Vs_Comparator.Comparable_Test -->
