<?xml version="1.0" encoding="UTF-8"?>
<!-- Generated by org.testng.reporters.JUnitReportReporter -->
<testsuite hostname="Pranab" name="Default2.Count_Duplicate" tests="1" failures="0" timestamp="12 Apr 2019 20:49:26 GMT" time="0.003" errors="0">
  <testcase name="m2" time="0.003" classname="Default2.Count_Duplicate"/>
</testsuite> <!-- Default2.Count_Duplicate -->
