<?xml version="1.0" encoding="UTF-8"?>
<!-- Generated by org.testng.reporters.JUnitReportReporter -->
<testsuite skipped="0" hostname="Pranab" name="default3.Array1" tests="1" failures="0" timestamp="19 Mar 2019 14:21:44 GMT" time="0.022" errors="0">
  <testcase name="arraySorting2" time="0.022" classname="default3.Array1"/>
</testsuite> <!-- default3.Array1 -->
