<?xml version="1.0" encoding="UTF-8"?>
<!-- Generated by org.testng.reporters.JUnitReportReporter -->
<testsuite skipped="0" hostname="Pranab" name="Default2.Count_Duplicate" tests="1" failures="0" timestamp="19 Mar 2019 15:31:35 GMT" time="0.016" errors="0">
  <testcase name="m2" time="0.016" classname="Default2.Count_Duplicate"/>
</testsuite> <!-- Default2.Count_Duplicate -->
