<?xml version="1.0" encoding="UTF-8"?>
<!-- Generated by org.testng.reporters.JUnitReportReporter -->
<testsuite hostname="Pranab" name="com.code.trial.Prime_Number" tests="1" failures="0" timestamp="12 Apr 2019 20:49:25 GMT" time="0.001" errors="0">
  <testcase name="m4" time="0.001" classname="com.code.trial.Prime_Number"/>
</testsuite> <!-- com.code.trial.Prime_Number -->
