<?xml version="1.0" encoding="UTF-8"?>
<!-- Generated by org.testng.reporters.JUnitReportReporter -->
<testsuite skipped="0" hostname="Pranab" name="default3.Comparable_Vs_Comparator" tests="1" failures="0" timestamp="18 Mar 2019 03:10:38 GMT" time="0.015" errors="0">
  <testcase name="comparator" time="0.015" classname="default3.Comparable_Vs_Comparator"/>
</testsuite> <!-- default3.Comparable_Vs_Comparator -->
