<?xml version="1.0" encoding="UTF-8"?>
<!-- Generated by org.testng.reporters.JUnitReportReporter -->
<testsuite hostname="Pranab" name="Default2.Binary_Search" tests="1" failures="0" timestamp="12 Apr 2019 02:31:19 GMT" time="0.002" errors="0">
  <testcase name="m3" time="0.002" classname="Default2.Binary_Search"/>
</testsuite> <!-- Default2.Binary_Search -->
