<?xml version="1.0" encoding="UTF-8"?>
<!-- Generated by org.testng.reporters.JUnitReportReporter -->
<testsuite skipped="0" hostname="Pranab" name="default3.Serialization_DeSerialization" tests="1" failures="0" timestamp="18 Mar 2019 06:28:56 GMT" time="0.110" errors="0">
  <testcase name="test" time="0.110" classname="default3.Serialization_DeSerialization"/>
</testsuite> <!-- default3.Serialization_DeSerialization -->
