<?xml version="1.0" encoding="UTF-8"?>
<!-- Generated by org.testng.reporters.JUnitReportReporter -->
<testsuite skipped="0" hostname="Pranab" name="com.code.trial.Prime_Number" tests="1" failures="0" timestamp="19 Mar 2019 16:33:35 GMT" time="0.015" errors="0">
  <testcase name="m4" time="0.015" classname="com.code.trial.Prime_Number"/>
</testsuite> <!-- com.code.trial.Prime_Number -->
