<?xml version="1.0" encoding="UTF-8"?>
<!-- Generated by org.testng.reporters.JUnitReportReporter -->
<testsuite skipped="0" hostname="Pranab" name="Default2.Binary_Search" tests="1" failures="0" timestamp="19 Mar 2019 15:42:14 GMT" time="0.016" errors="0">
  <testcase name="m1" time="0.016" classname="Default2.Binary_Search"/>
</testsuite> <!-- Default2.Binary_Search -->
