<?xml version="1.0" encoding="UTF-8"?>
<!-- Generated by org.testng.reporters.JUnitReportReporter -->
<testsuite hostname="Pranab" name="math.FooBoo" tests="1" failures="0" timestamp="12 Apr 2019 20:49:26 GMT" time="0.001" errors="0">
  <testcase name="remainder" time="0.001" classname="math.FooBoo"/>
</testsuite> <!-- math.FooBoo -->
