<?xml version="1.0" encoding="UTF-8"?>
<!-- Generated by org.testng.reporters.JUnitReportReporter -->
<testsuite hostname="Pranab" name="com.code.trial.Array_To_Array_List" tests="1" failures="0" timestamp="12 Apr 2019 20:49:25 GMT" time="0.012" errors="0">
  <testcase name="m1" time="0.012" classname="com.code.trial.Array_To_Array_List"/>
</testsuite> <!-- com.code.trial.Array_To_Array_List -->
