<?xml version="1.0" encoding="UTF-8"?>
<!-- Generated by org.testng.reporters.JUnitReportReporter -->
<testsuite skipped="0" hostname="Pranab" name="com.code.trial.Array_To_Array_List" tests="1" failures="0" timestamp="16 Mar 2019 02:07:22 GMT" time="0.015" errors="0">
  <testcase name="m1" time="0.015" classname="com.code.trial.Array_To_Array_List"/>
</testsuite> <!-- com.code.trial.Array_To_Array_List -->
