<?xml version="1.0" encoding="UTF-8"?>
<!-- Generated by org.testng.reporters.JUnitReportReporter -->
<testsuite skipped="0" hostname="Pranab" name="default3.Set_Java" tests="1" failures="0" timestamp="17 Mar 2019 03:45:09 GMT" time="0.016" errors="0">
  <testcase name="m3" time="0.016" classname="default3.Set_Java"/>
</testsuite> <!-- default3.Set_Java -->
