<?xml version="1.0" encoding="UTF-8"?>
<!-- Generated by org.testng.reporters.JUnitReportReporter -->
<testsuite skipped="0" hostname="Pranab" name="default3.Collection_Framework" tests="1" failures="0" timestamp="16 Mar 2019 19:21:24 GMT" time="0.016" errors="0">
  <testcase name="m7" time="0.016" classname="default3.Collection_Framework"/>
</testsuite> <!-- default3.Collection_Framework -->
