<?xml version="1.0" encoding="UTF-8"?>
<!-- Generated by org.testng.reporters.JUnitReportReporter -->
<testsuite skipped="0" hostname="Pranab" name="default1.Test2" tests="1" failures="0" timestamp="14 Mar 2019 21:45:11 GMT" time="0.018" errors="0">
  <testcase name="m6" time="0.018" classname="default1.Test2"/>
</testsuite> <!-- default1.Test2 -->
